d:\localgithub\qtqq_demo\qtqq_client\qtqq\x64\debug\custonmenu.obj
d:\localgithub\qtqq_demo\qtqq_client\qtqq\x64\debug\emotionwindow.obj
d:\localgithub\qtqq_demo\qtqq_client\qtqq\x64\debug\sendfile.obj
d:\localgithub\qtqq_demo\qtqq_client\qtqq\x64\debug\titlebar.obj
d:\localgithub\qtqq_demo\qtqq_client\qtqq\x64\debug\ccmainwindow.obj
d:\localgithub\qtqq_demo\qtqq_client\qtqq\x64\debug\qmsgtextedit.obj
d:\localgithub\qtqq_demo\qtqq_client\qtqq\x64\debug\skinwindow.obj
d:\localgithub\qtqq_demo\qtqq_client\qtqq\x64\debug\userlogin.obj
d:\localgithub\qtqq_demo\qtqq_client\qtqq\x64\debug\basicwindow.obj
d:\localgithub\qtqq_demo\qtqq_client\qtqq\x64\debug\notifymanager.obj
d:\localgithub\qtqq_demo\qtqq_client\qtqq\x64\debug\receivefile.obj
d:\localgithub\qtqq_demo\qtqq_client\qtqq\x64\debug\talkwindowitem.obj
d:\localgithub\qtqq_demo\qtqq_client\qtqq\x64\debug\moc_emotionwindow.obj
d:\localgithub\qtqq_demo\qtqq_client\qtqq\x64\debug\commonutils.obj
d:\localgithub\qtqq_demo\qtqq_client\qtqq\x64\debug\main.obj
d:\localgithub\qtqq_demo\qtqq_client\qtqq\x64\debug\rootcontatitem.obj
d:\localgithub\qtqq_demo\qtqq_client\qtqq\x64\debug\emotionlabelitem.obj
d:\localgithub\qtqq_demo\qtqq_client\qtqq\x64\debug\qclicklabel.obj
d:\localgithub\qtqq_demo\qtqq_client\qtqq\x64\debug\qtwidgetsclass.obj
d:\localgithub\qtqq_demo\qtqq_client\qtqq\x64\debug\talkwindow.obj
d:\localgithub\qtqq_demo\qtqq_client\qtqq\x64\debug\contactitem.obj
d:\localgithub\qtqq_demo\qtqq_client\qtqq\x64\debug\msgwebview.obj
d:\localgithub\qtqq_demo\qtqq_client\qtqq\x64\debug\systray.obj
d:\localgithub\qtqq_demo\qtqq_client\qtqq\x64\debug\windowmanager.obj
d:\localgithub\qtqq_demo\qtqq_client\qtqq\x64\debug\moc\moc_ccmainwindow.cpp
d:\localgithub\qtqq_demo\qtqq_client\qtqq\x64\debug\moc\moc_titlebar.cpp
d:\localgithub\qtqq_demo\qtqq_client\qtqq\x64\debug\moc\moc_basicwindow.cpp
d:\localgithub\qtqq_demo\qtqq_client\qtqq\x64\debug\moc\moc_notifymanager.cpp
d:\localgithub\qtqq_demo\qtqq_client\qtqq\x64\debug\moc\moc_receivefile.cpp
d:\localgithub\qtqq_demo\qtqq_client\qtqq\x64\debug\moc\moc_sendfile.cpp
d:\localgithub\qtqq_demo\qtqq_client\qtqq\x64\debug\moc\moc_msgwebview.cpp
d:\localgithub\qtqq_demo\qtqq_client\qtqq\x64\debug\moc\moc_qmsgtextedit.cpp
d:\localgithub\qtqq_demo\qtqq_client\qtqq\x64\debug\moc\moc_windowmanager.cpp
d:\localgithub\qtqq_demo\qtqq_client\qtqq\x64\debug\moc\moc_talkwindow.cpp
d:\localgithub\qtqq_demo\qtqq_client\qtqq\x64\debug\moc\moc_talkwindowitem.cpp
d:\localgithub\qtqq_demo\qtqq_client\qtqq\x64\debug\moc\moc_qtwidgetsclass.cpp
d:\localgithub\qtqq_demo\qtqq_client\qtqq\x64\debug\moc\moc_emotionlabelitem.cpp
d:\localgithub\qtqq_demo\qtqq_client\qtqq\x64\debug\moc\moc_emotionwindow.cpp
d:\localgithub\qtqq_demo\qtqq_client\qtqq\x64\debug\moc\moc_talkwindowshell.cpp
d:\localgithub\qtqq_demo\qtqq_client\qtqq\x64\debug\moc\moc_contactitem.cpp
d:\localgithub\qtqq_demo\qtqq_client\qtqq\x64\debug\moc\moc_rootcontatitem.cpp
d:\localgithub\qtqq_demo\qtqq_client\qtqq\x64\debug\moc\moc_custonmenu.cpp
d:\localgithub\qtqq_demo\qtqq_client\qtqq\x64\debug\moc\moc_systray.cpp
d:\localgithub\qtqq_demo\qtqq_client\qtqq\x64\debug\moc\moc_qclicklabel.cpp
d:\localgithub\qtqq_demo\qtqq_client\qtqq\x64\debug\moc\moc_skinwindow.cpp
d:\localgithub\qtqq_demo\qtqq_client\qtqq\x64\debug\moc\moc_userlogin.cpp
d:\localgithub\qtqq_demo\qtqq_client\qtqq\x64\debug\uic\ui_ccmainwindow.h
d:\localgithub\qtqq_demo\qtqq_client\qtqq\x64\debug\uic\ui_contactitem.h
d:\localgithub\qtqq_demo\qtqq_client\qtqq\x64\debug\uic\ui_emotionwindow.h
d:\localgithub\qtqq_demo\qtqq_client\qtqq\x64\debug\uic\ui_qtwidgetsclass.h
d:\localgithub\qtqq_demo\qtqq_client\qtqq\x64\debug\uic\ui_receivefile.h
d:\localgithub\qtqq_demo\qtqq_client\qtqq\x64\debug\uic\ui_sendfile.h
d:\localgithub\qtqq_demo\qtqq_client\qtqq\x64\debug\uic\ui_skinwindow.h
d:\localgithub\qtqq_demo\qtqq_client\qtqq\x64\debug\uic\ui_talkwindow.h
d:\localgithub\qtqq_demo\qtqq_client\qtqq\x64\debug\uic\ui_talkwindowitem.h
d:\localgithub\qtqq_demo\qtqq_client\qtqq\x64\debug\uic\ui_talkwindowshell.h
d:\localgithub\qtqq_demo\qtqq_client\qtqq\x64\debug\uic\ui_userlogin.h
d:\localgithub\qtqq_demo\qtqq_client\qtqq\x64\debug\rcc\qrc_ccmainwindow.cpp
d:\localgithub\qtqq_demo\qtqq_client\qtqq\x64\debug\vc141.pdb
d:\localgithub\qtqq_demo\qtqq_client\qtqq\x64\debug\qtqq.tlog\cl.13044.write.1.tlog
d:\localgithub\qtqq_demo\qtqq_client\qtqq\x64\debug\qtqq.tlog\cl.command.1.tlog
d:\localgithub\qtqq_demo\qtqq_client\qtqq\x64\debug\qtqq.tlog\cl.read.1.tlog
d:\localgithub\qtqq_demo\qtqq_client\qtqq\x64\debug\qtqq.tlog\moc.read.1u.tlog
d:\localgithub\qtqq_demo\qtqq_client\qtqq\x64\debug\qtqq.tlog\moc.write.1u.tlog
d:\localgithub\qtqq_demo\qtqq_client\qtqq\x64\debug\qtqq.tlog\qtqq.write.1u.tlog
d:\localgithub\qtqq_demo\qtqq_client\qtqq\x64\debug\qtqq.tlog\rcc.read.1u.tlog
d:\localgithub\qtqq_demo\qtqq_client\qtqq\x64\debug\qtqq.tlog\rcc.write.1u.tlog
d:\localgithub\qtqq_demo\qtqq_client\qtqq\x64\debug\qtqq.tlog\uic.read.1u.tlog
d:\localgithub\qtqq_demo\qtqq_client\qtqq\x64\debug\qtqq.tlog\uic.write.1u.tlog
