  Reading Qt configuration (D:\Qt\Qt5.14.1\5.14.1\msvc2017_64\bin\qmake.exe)
  uic CCMainWindow.ui
  uic contactitem.ui
  uic emotionwindow.ui
  uic qtwidgetsclass.ui
  uic receivefile.ui
  uic sendfile.ui
  uic SkinWindow.ui
  uic talkwindow.ui
  uic talkwindowitem.ui
  uic talkwindowshell.ui
  uic userlogin.ui
  rcc CCMainWindow.qrc
  moc CCMainWindow.h
  moc titlebar.h
  moc basicwindow.h
  moc notifymanager.h
  moc receivefile.h
  moc sendfile.h
  moc MsgWebView.h
  moc qmsgtextedit.h
  moc windowmanager.h
  moc talkwindow.h
  moc talkwindowitem.h
  moc qtwidgetsclass.h
  moc emotionlabelitem.h
  moc emotionwindow.h
  moc talkwindowshell.h
  moc contactitem.h
  moc rootcontatitem.h
  moc CustonMenu.h
  moc SysTray.h
  moc QClickLabel.h
  moc SkinWindow.h
  moc userlogin.h
C:\Program Files (x86)\Microsoft Visual Studio\2017\Professional\Common7\IDE\VC\VCTargets\Microsoft.CppBuild.targets(944,5): warning MSB8027: 名为 MOC_EMOTIONWINDOW.CPP 的两个或更多文件将生成到同一位置的输出。这会导致错误的生成结果。   调用的文件是 X64\DEBUG\MOC\MOC_EMOTIONWINDOW.CPP, x64\Debug\moc\moc_emotionwindow.cpp。
  basicwindow.cpp
  CCMainWindow.cpp
  commonutils.cpp
  contactitem.cpp
  CustonMenu.cpp
  emotionlabelitem.cpp
  emotionwindow.cpp
  main.cpp
  MsgWebView.cpp
  notifymanager.cpp
  QClickLabel.cpp
  qmsgtextedit.cpp
  qtwidgetsclass.cpp
  receivefile.cpp
  rootcontatitem.cpp
  sendfile.cpp
  SkinWindow.cpp
  SysTray.cpp
  talkwindow.cpp
  talkwindowitem.cpp
  talkwindowshell.cpp
  titlebar.cpp
  userlogin.cpp
  windowmanager.cpp
  MOC_EMOTIONWINDOW.CPP
d:\localgithub\qtqq_demo\qtqq_client\qtqq\userlogin.cpp(107): warning C4700: 使用了未初始化的局部变量“isAccountLogin”
  qrc_CCMainWindow.cpp
  moc_CCMainWindow.cpp
  moc_titlebar.cpp
  moc_basicwindow.cpp
  moc_notifymanager.cpp
  moc_receivefile.cpp
  moc_sendfile.cpp
  moc_MsgWebView.cpp
  moc_qmsgtextedit.cpp
  moc_windowmanager.cpp
  moc_talkwindow.cpp
  moc_talkwindowitem.cpp
  moc_qtwidgetsclass.cpp
  moc_emotionlabelitem.cpp
  moc_emotionwindow.cpp
  moc_talkwindowshell.cpp
  moc_contactitem.cpp
  moc_rootcontatitem.cpp
  moc_CustonMenu.cpp
  moc_SysTray.cpp
  moc_QClickLabel.cpp
  moc_SkinWindow.cpp
  moc_userlogin.cpp
x64\Debug\moc_emotionwindow.obj : warning LNK4042: 对象被多次指定；已忽略多余的指定
  QtQQ.vcxproj -> D:\localGitHub\QtQQ_Demo\QtQQ_Client\x64\Debug\QtQQ.exe
